
Showing logs for build [32mcb-kubecd-environment-pr-243-4-657j9-1[0m stage [32mfrom-build-pack[0m and container [32mstep-credential-initializer-zxhnh[0m
{"level":"info","ts":1593139991.402374,"logger":"fallback-logger","caller":"logging/config.go:69","msg":"Fetch GitHub commit ID from kodata failed: open /var/run/ko/refs/heads/0.8.0-ns-support: no such file or directory"}
{"level":"info","ts":1593139991.4031212,"logger":"fallback-logger","caller":"creds-init/main.go:40","msg":"Credentials initialized."}

Showing logs for build [32mcb-kubecd-environment-pr-243-4-657j9-1[0m stage [32mfrom-build-pack[0m and container [32mstep-working-dir-initializer-x8gvf[0m
{"level":"info","ts":1593139992.354211,"logger":"fallback-logger","caller":"logging/config.go:69","msg":"Fetch GitHub commit ID from kodata failed: open /var/run/ko/HEAD: no such file or directory"}
{"level":"info","ts":1593139992.3566668,"logger":"fallback-logger","caller":"bash/main.go:64","msg":"Successfully executed command \"sh -c mkdir -p /workspace/source\"; output "}

Showing logs for build [32mcb-kubecd-environment-pr-243-4-657j9-1[0m stage [32mfrom-build-pack[0m and container [32mstep-place-tools[0m

Showing logs for build [32mcb-kubecd-environment-pr-243-4-657j9-1[0m stage [32mfrom-build-pack[0m and container [32mstep-git-source-cb-kubecd-environment-pr-243-4-657j9-jsdmb[0m
{"level":"info","ts":1593139997.5839357,"logger":"fallback-logger","caller":"logging/config.go:69","msg":"Fetch GitHub commit ID from kodata failed: open /var/run/ko/refs/heads/0.8.0-ns-support: no such file or directory"}
{"level":"info","ts":1593139998.634586,"logger":"fallback-logger","caller":"git/git.go:103","msg":"Successfully cloned https://github.com/cb-kubecd/environment-pr-243-4-gke-upgrade-production.git @ master in path /workspace/source"}

Showing logs for build [32mcb-kubecd-environment-pr-243-4-657j9-1[0m stage [32mfrom-build-pack[0m and container [32mstep-setup-builder-home[0m

Showing logs for build [32mcb-kubecd-environment-pr-243-4-657j9-1[0m stage [32mfrom-build-pack[0m and container [32mstep-git-merge[0m
Using SHAs from PULL_REFS=master:c6824103e29da337cef0da33ae7574bbfd9e9b55,1:9104af351531aa44ebb17543f194473c2831d758
DEBUG: LC_ALL=C JX_LOG_LEVEL=error git fetch origin --unshallow 9104af351531aa44ebb17543f194473c2831d758: c6824103e29da337cef0da33ae7574bbfd9e9b55:
DEBUG: ran git fetch --unshallow origin 9104af351531aa44ebb17543f194473c2831d758: c6824103e29da337cef0da33ae7574bbfd9e9b55: in 
DEBUG: LC_ALL=C JX_LOG_LEVEL=error git branch
DEBUG: LC_ALL=C JX_LOG_LEVEL=error git checkout master
DEBUG: ran git checkout master in 
DEBUG: JX_LOG_LEVEL=error LC_ALL=C git reset --hard c6824103e29da337cef0da33ae7574bbfd9e9b55
DEBUG: ran git reset --hard c6824103e29da337cef0da33ae7574bbfd9e9b55 in 
DEBUG: JX_LOG_LEVEL=error LC_ALL=C git clean -fd .
DEBUG: ran clean --force -d . in 
DEBUG: JX_LOG_LEVEL=error LC_ALL=C git merge 9104af351531aa44ebb17543f194473c2831d758
DEBUG: ran git merge 9104af351531aa44ebb17543f194473c2831d758 in 
DEBUG: LC_ALL=C JX_LOG_LEVEL=error git log --format=%H%x1f%an%x1f%ae%x1f%cn%x1f%ce%x1f%s%n%b%x1e c6824103e29da337cef0da33ae7574bbfd9e9b55..HEAD
Merged SHA 9104af351531aa44ebb17543f194473c2831d758 with commit message 'chore: Promote bdd-spring-1593138805 to version 0.0.1' into base branch master

Showing logs for build [32mcb-kubecd-environment-pr-243-4-657j9-1[0m stage [32mfrom-build-pack[0m and container [32mstep-build-helm-build[0m
WARNING: No $CHART_REPOSITORY defined so using the default value of: http://jenkins-x-chartmuseum:8080
Adding missing Helm repo: storage.googleapis.com https://storage.googleapis.com/chartmuseum.jenkins-x.io
WARNING: No secrets found on "helm/repos" due: reading the secret "helm/repos" from vault: no secret "helm/repos" not found in vault
Read credentials for https://storage.googleapis.com/chartmuseum.jenkins-x.io from vault helm/repos
Successfully added Helm repository storage.googleapis.com.
Adding missing Helm repo: jenkins-x-chartmuseum http://jenkins-x-chartmuseum:8080
WARNING: No secrets found on "helm/repos" due: reading the secret "helm/repos" from vault: no secret "helm/repos" not found in vault
Read credentials for http://jenkins-x-chartmuseum:8080 from vault helm/repos
Successfully added Helm repository jenkins-x-chartmuseum.
WARNING: No $CHART_REPOSITORY defined so using the default value of: http://jenkins-x-chartmuseum:8080
Adding missing Helm repo: chartmuseum.jenkins-x.io http://chartmuseum.jenkins-x.io
WARNING: No secrets found on "helm/repos" due: reading the secret "helm/repos" from vault: no secret "helm/repos" not found in vault
Read credentials for http://chartmuseum.jenkins-x.io from vault helm/repos
Successfully added Helm repository chartmuseum.jenkins-x.io.
